<?xml version="1.0" encoding="UTF-8"?>
<testng-results ignored="0" total="1" passed="1" failed="0" skipped="0">
  <reporter-output>
  </reporter-output>
  <suite started-at="2023-04-28T11:01:49 IST" name="Default suite" finished-at="2023-04-28T11:02:02 IST" duration-ms="13148">
    <groups>
    </groups>
    <test started-at="2023-04-28T11:01:49 IST" name="Default test" finished-at="2023-04-28T11:02:02 IST" duration-ms="13148">
      <class name="demo_maven_project.exampleTestScript">
        <test-method signature="script()[pri:0, instance:demo_maven_project.exampleTestScript@18d87d80]" started-at="2023-04-28T11:01:49 IST" name="script" finished-at="2023-04-28T11:02:02 IST" duration-ms="13071" status="PASS">
          <reporter-output>
          </reporter-output>
        </test-method> <!-- script -->
      </class> <!-- demo_maven_project.exampleTestScript -->
    </test> <!-- Default test -->
  </suite> <!-- Default suite -->
</testng-results>
